<?xml version="1.0" encoding="UTF-8"?>
<!-- Generated by org.testng.reporters.JUnitXMLReporter -->
<testsuite ignored="0" hostname="RogerThatTan" failures="1" tests="4" name="Reading Browser Details From TESTNG xml" time="0.061" errors="0" timestamp="2025-07-13T00:45:42 BDT">
  <testcase classname="ui.GroupDemoTest" name="bTest3" time="0.007"/>
  <testcase classname="ui.GroupDemoTest" name="bTest4" time="0.009">
    <failure type="java.lang.AssertionError" message="expected [true] but found [false]">
      <![CDATA[java.lang.AssertionError: expected [true] but found [false]
at ui.GroupDemoTest.bTest4(GroupDemoTest.java:53)
at java.base/java.util.ArrayList.forEach(ArrayList.java:1596)
... Removed 29 stack frames]]>
    </failure>
  </testcase> <!-- bTest4 -->
  <testcase classname="ui.GroupDemoTest" name="aTest1" time="0.001"/>
  <testcase classname="ui.GroupDemoTest" name="bTest2" time="0.001"/>
</testsuite> <!-- Reading Browser Details From TESTNG xml -->
