<?xml version="1.0" encoding="UTF-8"?>
<!-- Generated by org.testng.reporters.JUnitXMLReporter -->
<testsuite ignored="0" hostname="RogerThatTan" failures="0" tests="4" name="Test Before Suite After Suite" time="0.006" errors="0" timestamp="2025-07-12T21:14:38 BDT">
  <testcase classname="ui.GroupDemoTest2" name="bTest3" time="0.0"/>
  <testcase classname="ui.GroupDemoTest2" name="bTest4" time="0.0"/>
  <testcase classname="ui.GroupDemoTest2" name="aTest1" time="0.001"/>
  <testcase classname="ui.GroupDemoTest2" name="bTest2" time="0.001"/>
</testsuite> <!-- Test Before Suite After Suite -->
