<?xml version="1.0" encoding="UTF-8"?>
<!-- Generated by org.testng.reporters.JUnitXMLReporter -->
<testsuite ignored="2" hostname="RogerThatTan" failures="0" tests="4" name="GRP-regression" time="0.065" errors="0" timestamp="2025-07-12T20:50:42 BDT">
  <testcase classname="ui.GroupDemoTest" name="bTest3" time="0.008"/>
  <testcase classname="ui.GroupDemoTest" name="aTest1" time="0.001"/>
  <testcase classname="ui.GroupDemoTest" name="bTest2" time="0.001"/>
  <testcase classname="ui.LoginTest" name="loginTest" time="0.001"/>
  <testcase classname="ui.LoginTest" name="logoutTest" time="0.0">
    <ignored/>
  </testcase> <!-- logoutTest -->
  <testcase classname="ui.GroupDemoTest" name="bTest4" time="0.0">
    <ignored/>
  </testcase> <!-- bTest4 -->
</testsuite> <!-- GRP-regression -->
