<?xml version="1.0" encoding="UTF-8"?>
<!-- Generated by org.testng.reporters.JUnitXMLReporter -->
<testsuite ignored="0" hostname="RogerThatTan" failures="0" tests="4" name="GRP-user-registration" time="0.053" errors="0" timestamp="2025-07-12T16:40:43 BDT">
  <testcase classname="ui.GroupDemoTest" name="bTest3" time="0.009"/>
  <testcase classname="ui.GroupDemoTest" name="bTest4" time="0.001"/>
  <testcase classname="ui.GroupDemoTest" name="aTest1" time="0.001"/>
  <testcase classname="ui.GroupDemoTest" name="bTest2" time="0.001"/>
</testsuite> <!-- GRP-user-registration -->
