<?xml version="1.0" encoding="UTF-8"?>
<!-- Generated by org.testng.reporters.JUnitXMLReporter -->
<testsuite ignored="2" hostname="RogerThatTan" failures="0" tests="2" name="GRP-bvt" time="0.051" errors="0" timestamp="2025-07-12T16:32:13 BDT">
  <testcase classname="ui.GroupDemoTest" name="bTest3" time="0.011"/>
  <testcase classname="ui.GroupDemoTest" name="bTest4" time="0.002"/>
  <testcase classname="ui.GroupDemoTest" name="bTest2" time="0.0">
    <ignored/>
  </testcase> <!-- bTest2 -->
  <testcase classname="ui.GroupDemoTest" name="aTest1" time="0.0">
    <ignored/>
  </testcase> <!-- aTest1 -->
</testsuite> <!-- GRP-bvt -->
