<?xml version="1.0" encoding="UTF-8"?>
<!-- Generated by org.testng.reporters.JUnitXMLReporter -->
<testsuite ignored="0" hostname="RogerThatTan" failures="0" tests="9" name="Default test" time="0.075" errors="0" timestamp="2025-07-12T23:26:29 BDT">
  <testcase classname="ui.DataProviderDemoTest" name="test" time="0.008"/>
  <testcase classname="ui.DataProviderDemoTest" name="test" time="0.002"/>
  <testcase classname="ui.DataProviderDemoTest" name="test" time="0.001"/>
  <testcase classname="ui.DataProviderDemoTest" name="test1" time="0.002"/>
  <testcase classname="ui.DataProviderDemoTest" name="test1" time="0.001"/>
  <testcase classname="ui.DataProviderDemoTest" name="test1" time="0.001"/>
  <testcase classname="ui.DataProviderDemoTest" name="test2" time="0.004"/>
  <testcase classname="ui.DataProviderDemoTest" name="test2" time="0.0"/>
  <testcase classname="ui.DataProviderDemoTest" name="test2" time="0.001"/>
</testsuite> <!-- Default test -->
