<?xml version="1.0" encoding="UTF-8"?>
<!-- Generated by org.testng.reporters.JUnitXMLReporter -->
<testsuite ignored="0" hostname="RogerThatTan" failures="1" tests="4" name="ListenerDemoTest From TESTNG xml" time="4.597" errors="0" timestamp="2025-07-13T10:24:41 BDT">
  <testcase classname="ui.ListenerDemoTest" name="launchApp" time="1.745">
    <skipped/>
  </testcase> <!-- launchApp -->
  <testcase classname="ui.ListenerDemoTest" name="launchApp" time="0.989">
    <skipped/>
  </testcase> <!-- launchApp -->
  <testcase classname="ui.ListenerDemoTest" name="launchApp" time="0.916">
    <skipped/>
  </testcase> <!-- launchApp -->
  <testcase classname="ui.ListenerDemoTest" name="launchApp" time="0.918">
    <failure type="java.lang.AssertionError" message="expected [true] but found [false]">
      <![CDATA[java.lang.AssertionError: expected [true] but found [false]
at ui.ListenerDemoTest.launchApp(ListenerDemoTest.java:12)
at java.base/java.util.ArrayList.forEach(ArrayList.java:1596)
... Removed 29 stack frames]]>
    </failure>
  </testcase> <!-- launchApp -->
</testsuite> <!-- ListenerDemoTest From TESTNG xml -->
